-------------------------------------------------------------------------------
Test set: cloud.javacoder.demo1.Demo1NameApplicationTests
-------------------------------------------------------------------------------
Tests run: 1, Failures: 0, Errors: 1, Skipped: 0, Time elapsed: 3.786 s <<< FAILURE! - in cloud.javacoder.demo1.Demo1NameApplicationTests
contextLoads  Time elapsed: 0 s  <<< ERROR!
java.lang.IllegalStateException: Failed to load ApplicationContext
Caused by: org.springframework.beans.factory.BeanCreationException: Error creating bean with name 'bookController': Injection of autowired dependencies failed; nested exception is java.lang.IllegalArgumentException: Could not resolve placeholder 'spring.message' in value "${spring.message}"
Caused by: java.lang.IllegalArgumentException: Could not resolve placeholder 'spring.message' in value "${spring.message}"

