-------------------------------------------------------------------------------
Test set: cloud.javacoder.demo1.BookTest
-------------------------------------------------------------------------------
Tests run: 1, Failures: 1, Errors: 0, Skipped: 0, Time elapsed: 0.014 s <<< FAILURE! - in cloud.javacoder.demo1.BookTest
shouldHaveFourSides  Time elapsed: 0.001 s  <<< FAILURE!
org.opentest4j.AssertionFailedError: expected: <4> but was: <0>
	at cloud.javacoder.demo1.BookTest.shouldHaveFourSides(BookTest.java:15)

